ModuleCmd_Load.c(213):ERROR:105: Unable to locate a modulefile for 'arcanist/06-2015'
ModuleCmd_Load.c(213):ERROR:105: Unable to locate a modulefile for 'gtest/1.6.0'
29865
abort: there is no Mercurial repository here (.hg not found)
abort: there is no Mercurial repository here (.hg not found)
 
** jobname: tile_puzzle
** SLURM_JOB_ID = 29865
** FOLDER = 
/usr/bin/time: cannot run ./run.sh: Permission denied
Command exited with non-zero status 126
	Command being timed: "./run.sh"
	User time (seconds): 0.00
	System time (seconds): 0.00
	Percent of CPU this job got: 29%
	Elapsed (wall clock) time (h:mm:ss or m:ss): 0:00.00
	Average shared text size (kbytes): 0
	Average unshared data size (kbytes): 0
	Average stack size (kbytes): 0
	Average total size (kbytes): 0
	Maximum resident set size (kbytes): 332
	Average resident set size (kbytes): 0
	Major (requiring I/O) page faults: 0
	Minor (reclaiming a frame) page faults: 71
	Voluntary context switches: 6
	Involuntary context switches: 0
	Swaps: 0
	File system inputs: 0
	File system outputs: 0
	Socket messages sent: 0
	Socket messages received: 0
	Signals delivered: 0
	Page size (bytes): 4096
	Exit status: 126
