

*******************************************************************************
Thu Jun 23 12:42:57 2016


FIT:    data read from 'rest_time.dat'
        format = z
        #datapoints = 1001
        residuals are weighted equally (unit weight)

function used for fitting: f(t)
	f(t)=a*t+b
BREAK: Need via and either parameter list or file

*******************************************************************************
Thu Jun 23 12:43:26 2016


FIT:    data read from 'rest_time.dat'
        format = z
        #datapoints = 1001
        residuals are weighted equally (unit weight)

function used for fitting: f(t)
	f(t)=a*t+b
fitted parameters initialized with current variable values

iter      chisq       delta/lim  lambda   a             b            
   0 3.8742768542e+10   0.00e+00  7.07e-01    1.000000e+00   1.000000e+00
BREAK: Singular matrix in Invert_RtR

*******************************************************************************
Thu Jun 23 12:44:03 2016


FIT:    data read from 'rest_time.dat'
        format = z
        #datapoints = 1001
        residuals are weighted equally (unit weight)

function used for fitting: f(t)
	f(t)=a*t+b
fitted parameters initialized with current variable values

iter      chisq       delta/lim  lambda   a             b            
   0 3.8742768542e+10   0.00e+00  7.07e-01    1.000000e+00   1.000000e+00
BREAK: Singular matrix in Invert_RtR

*******************************************************************************
Thu Jun 23 12:45:15 2016


FIT:    data read from 'rest_time.dat'
        format = z
        #datapoints = 1001
        residuals are weighted equally (unit weight)

function used for fitting: f(t)
	f(t)=a*t+b
fitted parameters initialized with current variable values

iter      chisq       delta/lim  lambda   a             b            
   0 3.8742768542e+10   0.00e+00  7.07e-01    1.000000e+00   1.000000e+00
BREAK: Singular matrix in Invert_RtR

*******************************************************************************
Thu Jun 23 12:47:26 2016


FIT:    data read from 'rest_time.dat'
        format = z
        #datapoints = 1001
        residuals are weighted equally (unit weight)

function used for fitting: f(t)
	f(t)=a*t+b
fitted parameters initialized with current variable values

iter      chisq       delta/lim  lambda   a             b            
   0 3.8742768542e+10   0.00e+00  7.07e-01    1.000000e+00   1.000000e+00
BREAK: Singular matrix in Invert_RtR

*******************************************************************************
Thu Jun 23 12:48:14 2016


FIT:    data read from 'rest_time.dat'
        format = z
        #datapoints = 1001
        residuals are weighted equally (unit weight)

function used for fitting: f(t)
	f(t)=a*t+b
fitted parameters initialized with current variable values

Warning: Initial value of parameter 'b' is zero.
iter      chisq       delta/lim  lambda   a             b            
   0 3.8753680147e+10   0.00e+00  7.07e-01    1.000000e+01   1.000000e-30
BREAK: Singular matrix in Invert_RtR

*******************************************************************************
Thu Jun 23 12:49:00 2016


FIT:    data read from 'rest_time.dat'
        format = z
        #datapoints = 1001
        residuals are weighted equally (unit weight)

function used for fitting: f(t)
	f(t)=a*t+b
fitted parameters initialized with current variable values

Warning: Initial value of parameter 'b' is zero.
iter      chisq       delta/lim  lambda   a             b            
   0 3.8753680147e+10   0.00e+00  7.07e-01    1.000000e+01   1.000000e-30
BREAK: Singular matrix in Invert_RtR

*******************************************************************************
Thu Jun 23 12:49:32 2016


FIT:    data read from 'rest_time.dat'
        format = z
        #datapoints = 1001
        residuals are weighted equally (unit weight)

function used for fitting: f(t)
	f(t)=a*t
fitted parameters initialized with current variable values

iter      chisq       delta/lim  lambda   a             b            
   0 3.8753680147e+10   0.00e+00  0.00e+00    1.000000e+01   1.000000e+00
BREAK: Singular matrix in Givens()

*******************************************************************************
Thu Jun 23 12:51:29 2016


FIT:    data read from 'rest_time.dat'
        format = z
        #datapoints = 1001
        residuals are weighted equally (unit weight)

function used for fitting: f(t)
	f(t)=a*t
fitted parameters initialized with current variable values

iter      chisq       delta/lim  lambda   a             b            
   0 3.8753680147e+10   0.00e+00  0.00e+00    1.000000e+01   1.000000e+00
BREAK: Singular matrix in Givens()

*******************************************************************************
Thu Jun 23 13:07:32 2016


FIT:    data read from 'rest_time.dat'
        format = z
        #datapoints = 1001
        residuals are weighted equally (unit weight)

function used for fitting: f(t)
	f(t)=a*t
fitted parameters initialized with current variable values

iter      chisq       delta/lim  lambda   a             b            
   0 3.8753680147e+10   0.00e+00  0.00e+00    1.000000e+02   1.000000e+00
BREAK: Singular matrix in Givens()

*******************************************************************************
Thu Jun 23 13:08:15 2016


FIT:    data read from 'rest_time.dat'
        format = z
        #datapoints = 1001
        residuals are weighted equally (unit weight)

function used for fitting: f(t)
	f(t)=a*t
fitted parameters initialized with current variable values

iter      chisq       delta/lim  lambda   a            
   0 3.8753680147e+10   0.00e+00  0.00e+00    1.000000e+02
BREAK: Singular matrix in Givens()

*******************************************************************************
Thu Jun 23 13:08:46 2016


FIT:    data read from 'rest_time.dat'
        format = z
        #datapoints = 1001
        residuals are weighted equally (unit weight)

function used for fitting: f(t)
	f(t)=a*t
fitted parameters initialized with current variable values

iter      chisq       delta/lim  lambda   a            
   0 3.8753680147e+10   0.00e+00  0.00e+00    1.000000e+04
BREAK: Singular matrix in Givens()

*******************************************************************************
Thu Jun 23 13:12:31 2016


FIT:    data read from 'rest_time.dat'
        format = z
        x range restricted to [1.00000 : 1000.00]
        #datapoints = 1000
        residuals are weighted equally (unit weight)

function used for fitting: f(t)
	f(t)=a*t
fitted parameters initialized with current variable values

iter      chisq       delta/lim  lambda   a            
   0 3.8753678547e+10   0.00e+00  0.00e+00    1.000000e+04
BREAK: Singular matrix in Givens()

*******************************************************************************
Thu Jun 23 13:14:50 2016


FIT:    data read from 'rest_time.dat'
        format = z
        x range restricted to [0.00000 : 1000.00]
        #datapoints = 1000
        residuals are weighted equally (unit weight)

function used for fitting: f(t)
	f(t)=a*t
fitted parameters initialized with current variable values

iter      chisq       delta/lim  lambda   a            
   0 3.8753678547e+10   0.00e+00  0.00e+00    1.000000e+02
BREAK: Singular matrix in Givens()

*******************************************************************************
Thu Jun 23 13:15:39 2016


FIT:    data read from 'test.dat'
        format = z
        x range restricted to [0.00000 : 1000.00]
        #datapoints = 6
        residuals are weighted equally (unit weight)

function used for fitting: f(t)
	f(t)=a*t
fitted parameters initialized with current variable values

iter      chisq       delta/lim  lambda   a            
   0 9.1000000000e+01   0.00e+00  0.00e+00    1.000000e+02
BREAK: Singular matrix in Givens()

*******************************************************************************
Thu Jun 23 13:16:34 2016


FIT:    data read from 'test.dat'
        format = z
        x range restricted to [0.00000 : 1000.00]
        #datapoints = 6
        residuals are weighted equally (unit weight)

function used for fitting: f
fitted parameters initialized with current variable values



*******************************************************************************
Thu Jun 23 13:17:05 2016


FIT:    data read from 'test.dat'
        format = z
        x range restricted to [0.00000 : 1000.00]
        #datapoints = 6
        residuals are weighted equally (unit weight)

function used for fitting: f(t)
	f(t)=a*t
fitted parameters initialized with current variable values

iter      chisq       delta/lim  lambda   a            
   0 9.1000000000e+01   0.00e+00  0.00e+00    1.000000e+02
BREAK: Singular matrix in Givens()

*******************************************************************************
Thu Jun 23 13:17:16 2016


FIT:    data read from 'test.dat'
        format = z
        x range restricted to [0.00000 : 1000.00]
        #datapoints = 6
        residuals are weighted equally (unit weight)

function used for fitting: f(t)
	f(t)=a*t
fitted parameters initialized with current variable values

iter      chisq       delta/lim  lambda   a            
   0 9.1000000000e+01   0.00e+00  0.00e+00    1.000000e+00
BREAK: Singular matrix in Givens()

*******************************************************************************
Thu Jun 23 13:20:45 2016


FIT:    data read from 'test.dat'
        format = z
        x range restricted to [0.00000 : 1000.00]
        #datapoints = 6
        residuals are weighted equally (unit weight)

function used for fitting: f(t)
	f(t)=a*t
fitted parameters initialized with current variable values

iter      chisq       delta/lim  lambda   a            
   0 9.1000000000e+01   0.00e+00  0.00e+00    1.000000e+00
BREAK: Singular matrix in Givens()

*******************************************************************************
Thu Jun 23 13:21:06 2016


FIT:    data read from 'test.dat'
        format = z
        x range restricted to [0.00000 : 1000.00]
        #datapoints = 6
        residuals are weighted equally (unit weight)

function used for fitting: f(t)
	f(t)=a*t
fitted parameters initialized with current variable values

Warning: Initial value of parameter 'a' is zero.
iter      chisq       delta/lim  lambda   a            
   0 9.1000000000e+01   0.00e+00  0.00e+00    1.000000e-30
BREAK: Singular matrix in Givens()

*******************************************************************************
Thu Jun 23 13:21:27 2016


FIT:    data read from 'test.dat'
        format = z
        #datapoints = 6
        residuals are weighted equally (unit weight)

function used for fitting: f(t)
	f(t)=a*t
fitted parameters initialized with current variable values

Warning: Initial value of parameter 'a' is zero.
iter      chisq       delta/lim  lambda   a            
   0 9.1000000000e+01   0.00e+00  0.00e+00    1.000000e-30
BREAK: Singular matrix in Givens()

*******************************************************************************
Thu Jun 23 13:23:06 2016


FIT:    data read from 'test.dat'
        format = z
        #datapoints = 6
        residuals are weighted equally (unit weight)

function used for fitting: f(t)
	f(t)=a*t
fitted parameters initialized with current variable values

Warning: Initial value of parameter 'a' is zero.
iter      chisq       delta/lim  lambda   a            
   0 9.1000000000e+01   0.00e+00  0.00e+00    1.000000e-30
BREAK: Singular matrix in Givens()

*******************************************************************************
Thu Jun 23 13:23:20 2016


FIT:    data read from 'test.dat'
        format = z
        #datapoints = 6
        residuals are weighted equally (unit weight)

function used for fitting: f(t)
	f(t)=a*t
fitted parameters initialized with current variable values

iter      chisq       delta/lim  lambda   a            
   0 9.1000000000e+01   0.00e+00  0.00e+00    1.100000e+00
BREAK: Singular matrix in Givens()

*******************************************************************************
Thu Jun 23 13:26:06 2016


FIT:    data read from 'test.txt'
        format = z
        #datapoints = 6
        residuals are weighted equally (unit weight)

function used for fitting: f(t)
	f(t)=a*t
fitted parameters initialized with current variable values

iter      chisq       delta/lim  lambda   a            
   0 9.1000000000e+01   0.00e+00  0.00e+00    1.100000e+00
BREAK: Singular matrix in Givens()